[22:47:38] [main/INFO]: Environment: authHost='https://authserver.mojang.com', accountsHost='https://api.mojang.com', sessionHost='https://sessionserver.mojang.com', servicesHost='https://api.minecraftservices.com', name='PROD'
[22:47:43] [main/INFO]: Reloading ResourceManager: Default, bukkit
[22:47:45] [Worker-Main-6/INFO]: Loaded 7 recipes
[22:47:51] [Server thread/INFO]: Starting minecraft server version 1.16.5
[22:47:51] [Server thread/INFO]: Loading properties
[22:47:52] [Server thread/INFO]: Default game type: SURVIVAL
[22:47:52] [Server thread/INFO]: Generating keypair
[22:47:52] [Server thread/INFO]: Starting Minecraft server on 192.168.0.2:25565
[22:47:52] [Server thread/INFO]: Using default channel type
[22:48:08] [Server thread/INFO]: This server is running CraftBukkit version 2991-Bukkit-f3f3094 (MC: 1.16.5) (Implementing API version 1.16.5-R0.1-SNAPSHOT)
[22:48:12] [Server thread/WARN]: Initializing Legacy Material Support. Unless you have legacy plugins and/or data this is a bug!
[22:48:21] [Server thread/WARN]: Legacy plugin PortMinerPlugin v1.3 does not specify an api-version.
[22:48:27] [Server thread/INFO]: [minepy] Loading minepy v1.0
[22:48:27] [Server thread/INFO]: [PortMinerPlugin] Loading PortMinerPlugin v1.3
[22:48:27] [Server thread/WARN]: **** SERVER IS RUNNING IN OFFLINE/INSECURE MODE!
[22:48:27] [Server thread/WARN]: The server will make no attempt to authenticate usernames. Beware.
[22:48:27] [Server thread/WARN]: While this makes the game possible to play without internet access, it also opens up the ability for hackers to connect with any username they choose.
[22:48:27] [Server thread/WARN]: To change this, set "online-mode" to "true" in the server.properties file.
[22:48:27] [Server thread/INFO]: Preparing level "world"
[22:48:31] [Server thread/INFO]: Preparing start region for dimension minecraft:overworld
[22:48:42] [Server thread/INFO]: Preparing spawn area: 0%
[22:48:42] [Server thread/INFO]: Preparing spawn area: 0%
[22:48:42] [Server thread/INFO]: Preparing spawn area: 0%
[22:48:42] [Server thread/INFO]: Preparing spawn area: 0%
[22:48:42] [Server thread/INFO]: Preparing spawn area: 0%
[22:48:42] [Server thread/INFO]: Preparing spawn area: 0%
[22:48:42] [Server thread/INFO]: Preparing spawn area: 0%
[22:48:42] [Server thread/INFO]: Preparing spawn area: 0%
[22:48:42] [Server thread/INFO]: Preparing spawn area: 0%
[22:48:42] [Server thread/INFO]: Preparing spawn area: 0%
[22:48:42] [Server thread/INFO]: Preparing spawn area: 0%
[22:48:42] [Server thread/INFO]: Preparing spawn area: 0%
[22:48:42] [Server thread/INFO]: Preparing spawn area: 0%
[22:48:42] [Server thread/INFO]: Preparing spawn area: 0%
[22:48:42] [Server thread/INFO]: Preparing spawn area: 0%
[22:48:42] [Server thread/INFO]: Preparing spawn area: 0%
[22:48:42] [Server thread/INFO]: Preparing spawn area: 0%
[22:48:42] [Server thread/INFO]: Preparing spawn area: 0%
[22:48:42] [Server thread/INFO]: Preparing spawn area: 0%
[22:48:42] [Server thread/INFO]: Preparing spawn area: 0%
[22:48:42] [Server thread/INFO]: Preparing spawn area: 0%
[22:48:42] [Server thread/INFO]: Preparing spawn area: 0%
[22:48:42] [Server thread/INFO]: Preparing spawn area: 0%
[22:48:43] [Server thread/INFO]: Preparing spawn area: 0%
[22:48:43] [Server thread/INFO]: Preparing spawn area: 0%
[22:49:02] [Worker-Main-6/INFO]: Preparing spawn area: 83%
[22:49:02] [Worker-Main-4/INFO]: Preparing spawn area: 83%
[22:49:02] [Worker-Main-4/INFO]: Preparing spawn area: 83%
[22:49:02] [Worker-Main-4/INFO]: Preparing spawn area: 83%
[22:49:02] [Worker-Main-4/INFO]: Preparing spawn area: 83%
[22:49:02] [Worker-Main-4/INFO]: Preparing spawn area: 83%
[22:49:02] [Worker-Main-4/INFO]: Preparing spawn area: 83%
[22:49:02] [Worker-Main-4/INFO]: Preparing spawn area: 83%
[22:49:02] [Worker-Main-4/INFO]: Preparing spawn area: 83%
[22:49:02] [Worker-Main-4/INFO]: Preparing spawn area: 83%
[22:49:02] [Worker-Main-4/INFO]: Preparing spawn area: 83%
[22:49:02] [Worker-Main-4/INFO]: Preparing spawn area: 83%
[22:49:02] [Worker-Main-4/INFO]: Preparing spawn area: 83%
[22:49:02] [Worker-Main-4/INFO]: Preparing spawn area: 83%
[22:49:02] [Worker-Main-4/INFO]: Preparing spawn area: 83%
[22:49:02] [Worker-Main-4/INFO]: Preparing spawn area: 83%
[22:49:02] [Worker-Main-4/INFO]: Preparing spawn area: 83%
[22:49:02] [Worker-Main-4/INFO]: Preparing spawn area: 83%
[22:49:02] [Worker-Main-4/INFO]: Preparing spawn area: 83%
[22:49:02] [Worker-Main-4/INFO]: Preparing spawn area: 83%
[22:49:02] [Worker-Main-4/INFO]: Preparing spawn area: 83%
[22:49:02] [Worker-Main-4/INFO]: Preparing spawn area: 83%
[22:49:02] [Worker-Main-4/INFO]: Preparing spawn area: 83%
[22:49:02] [Worker-Main-4/INFO]: Preparing spawn area: 83%
[22:49:02] [Worker-Main-4/INFO]: Preparing spawn area: 83%
[22:49:02] [Worker-Main-4/INFO]: Preparing spawn area: 83%
[22:49:02] [Worker-Main-4/INFO]: Preparing spawn area: 83%
[22:49:02] [Worker-Main-4/INFO]: Preparing spawn area: 83%
[22:49:02] [Worker-Main-4/INFO]: Preparing spawn area: 83%
[22:49:02] [Worker-Main-4/INFO]: Preparing spawn area: 83%
[22:49:02] [Worker-Main-4/INFO]: Preparing spawn area: 83%
[22:49:02] [Worker-Main-4/INFO]: Preparing spawn area: 83%
[22:49:02] [Worker-Main-4/INFO]: Preparing spawn area: 83%
[22:49:02] [Worker-Main-4/INFO]: Preparing spawn area: 83%
[22:49:02] [Worker-Main-4/INFO]: Preparing spawn area: 83%
[22:49:02] [Worker-Main-4/INFO]: Preparing spawn area: 83%
[22:49:02] [Worker-Main-4/INFO]: Preparing spawn area: 83%
[22:49:02] [Worker-Main-5/INFO]: Preparing spawn area: 83%
[22:49:02] [Worker-Main-5/INFO]: Preparing spawn area: 83%
[22:49:03] [Worker-Main-5/INFO]: Preparing spawn area: 83%
[22:49:03] [Worker-Main-5/INFO]: Preparing spawn area: 83%
[22:49:04] [Worker-Main-5/INFO]: Preparing spawn area: 83%
[22:49:04] [Worker-Main-5/INFO]: Preparing spawn area: 83%
[22:49:05] [Worker-Main-4/INFO]: Preparing spawn area: 83%
[22:49:05] [Worker-Main-6/INFO]: Preparing spawn area: 83%
[22:49:06] [Worker-Main-5/INFO]: Preparing spawn area: 83%
[22:49:06] [Worker-Main-4/INFO]: Preparing spawn area: 83%
[22:49:07] [Worker-Main-5/INFO]: Preparing spawn area: 83%
[22:49:07] [Worker-Main-6/INFO]: Preparing spawn area: 83%
[22:49:08] [Worker-Main-5/INFO]: Preparing spawn area: 83%
[22:49:08] [Worker-Main-6/INFO]: Preparing spawn area: 83%
[22:49:09] [Worker-Main-5/INFO]: Preparing spawn area: 83%
[22:49:09] [Worker-Main-5/INFO]: Preparing spawn area: 85%
[22:49:10] [Worker-Main-5/INFO]: Preparing spawn area: 85%
[22:49:10] [Worker-Main-6/INFO]: Preparing spawn area: 85%
[22:49:11] [Worker-Main-6/INFO]: Preparing spawn area: 85%
[22:49:11] [Worker-Main-4/INFO]: Preparing spawn area: 85%
[22:49:12] [Worker-Main-5/INFO]: Preparing spawn area: 85%
[22:49:12] [Worker-Main-5/INFO]: Preparing spawn area: 85%
[22:49:13] [Worker-Main-4/INFO]: Preparing spawn area: 85%
[22:49:13] [Worker-Main-5/INFO]: Preparing spawn area: 85%
[22:49:14] [Worker-Main-6/INFO]: Preparing spawn area: 85%
[22:49:14] [Worker-Main-5/INFO]: Preparing spawn area: 85%
[22:49:15] [Worker-Main-5/INFO]: Preparing spawn area: 85%
[22:49:15] [Worker-Main-4/INFO]: Preparing spawn area: 85%
[22:49:16] [Worker-Main-6/INFO]: Preparing spawn area: 85%
[22:49:16] [Worker-Main-6/INFO]: Preparing spawn area: 85%
[22:49:17] [Worker-Main-6/INFO]: Preparing spawn area: 85%
[22:49:18] [Worker-Main-5/INFO]: Preparing spawn area: 85%
[22:49:18] [Worker-Main-4/INFO]: Preparing spawn area: 85%
[22:49:19] [Worker-Main-4/INFO]: Preparing spawn area: 85%
[22:49:19] [Worker-Main-5/INFO]: Preparing spawn area: 85%
[22:49:19] [Worker-Main-5/INFO]: Preparing spawn area: 85%
[22:49:20] [Worker-Main-4/INFO]: Preparing spawn area: 85%
[22:49:20] [Worker-Main-4/INFO]: Preparing spawn area: 85%
[22:49:21] [Worker-Main-4/INFO]: Preparing spawn area: 85%
[22:49:21] [Worker-Main-4/INFO]: Preparing spawn area: 86%
[22:49:22] [Worker-Main-4/INFO]: Preparing spawn area: 86%
[22:49:22] [Worker-Main-5/INFO]: Preparing spawn area: 87%
[22:49:23] [Server thread/INFO]: Preparing spawn area: 89%
[22:49:23] [Worker-Main-6/INFO]: Preparing spawn area: 91%
[22:49:24] [Server thread/INFO]: Preparing spawn area: 92%
[22:49:24] [Server thread/INFO]: Preparing spawn area: 96%
[22:49:25] [Server thread/INFO]: Time elapsed: 53868 ms
[22:49:25] [Server thread/INFO]: Preparing start region for dimension minecraft:the_nether
[22:49:27] [Server thread/INFO]: Preparing spawn area: 0%
[22:49:27] [Server thread/INFO]: Preparing spawn area: 0%
[22:49:27] [Server thread/INFO]: Preparing spawn area: 0%
[22:49:27] [Server thread/INFO]: Preparing spawn area: 0%
[22:49:27] [Server thread/INFO]: Preparing spawn area: 0%
[22:49:27] [Worker-Main-4/INFO]: Preparing spawn area: 83%
[22:49:28] [Worker-Main-6/INFO]: Preparing spawn area: 83%
[22:49:28] [Worker-Main-5/INFO]: Preparing spawn area: 83%
[22:49:29] [Worker-Main-5/INFO]: Preparing spawn area: 83%
[22:49:29] [Worker-Main-4/INFO]: Preparing spawn area: 83%
[22:49:30] [Worker-Main-6/INFO]: Preparing spawn area: 83%
[22:49:30] [Worker-Main-5/INFO]: Preparing spawn area: 83%
[22:49:31] [Worker-Main-4/INFO]: Preparing spawn area: 83%
[22:49:31] [Worker-Main-4/INFO]: Preparing spawn area: 83%
[22:49:32] [Worker-Main-4/INFO]: Preparing spawn area: 83%
[22:49:32] [Worker-Main-5/INFO]: Preparing spawn area: 83%
[22:49:33] [Worker-Main-6/INFO]: Preparing spawn area: 83%
[22:49:33] [Worker-Main-5/INFO]: Preparing spawn area: 83%
[22:49:34] [Worker-Main-5/INFO]: Preparing spawn area: 83%
[22:49:34] [Worker-Main-4/INFO]: Preparing spawn area: 83%
[22:49:35] [Worker-Main-6/INFO]: Preparing spawn area: 83%
[22:49:35] [Worker-Main-6/INFO]: Preparing spawn area: 83%
[22:49:36] [Worker-Main-5/INFO]: Preparing spawn area: 83%
[22:49:36] [Worker-Main-6/INFO]: Preparing spawn area: 83%
[22:49:37] [Worker-Main-6/INFO]: Preparing spawn area: 83%
[22:49:37] [Worker-Main-5/INFO]: Preparing spawn area: 83%
[22:49:38] [Worker-Main-5/INFO]: Preparing spawn area: 83%
[22:49:39] [Worker-Main-5/INFO]: Preparing spawn area: 83%
[22:49:39] [Worker-Main-6/INFO]: Preparing spawn area: 83%
[22:49:39] [Worker-Main-6/INFO]: Preparing spawn area: 83%
[22:49:40] [Worker-Main-5/INFO]: Preparing spawn area: 84%
[22:49:40] [Worker-Main-4/INFO]: Preparing spawn area: 84%
[22:49:41] [Server thread/INFO]: Preparing spawn area: 84%
[22:49:41] [Worker-Main-6/INFO]: Preparing spawn area: 85%
[22:49:42] [Worker-Main-5/INFO]: Preparing spawn area: 85%
[22:49:43] [Worker-Main-6/INFO]: Preparing spawn area: 85%
[22:49:43] [Worker-Main-5/INFO]: Preparing spawn area: 85%
[22:49:43] [Worker-Main-5/INFO]: Preparing spawn area: 86%
[22:49:44] [Worker-Main-5/INFO]: Preparing spawn area: 89%
[22:49:44] [Worker-Main-4/INFO]: Preparing spawn area: 91%
[22:49:45] [Worker-Main-4/INFO]: Preparing spawn area: 95%
[22:49:45] [Worker-Main-6/INFO]: Preparing spawn area: 99%
[22:49:45] [Server thread/INFO]: Time elapsed: 20542 ms
[22:49:45] [Server thread/INFO]: Preparing start region for dimension minecraft:the_end
[22:49:46] [Server thread/INFO]: Preparing spawn area: 0%
[22:49:46] [Server thread/INFO]: Preparing spawn area: 0%
[22:49:46] [Worker-Main-5/INFO]: Preparing spawn area: 83%
[22:49:47] [Worker-Main-5/INFO]: Preparing spawn area: 83%
[22:49:47] [Worker-Main-5/INFO]: Preparing spawn area: 94%
[22:49:47] [Server thread/INFO]: Time elapsed: 2136 ms
[22:49:47] [Server thread/INFO]: [minepy] Enabling minepy v1.0
[22:49:47] [Server thread/INFO]: plugin enabled
[22:49:47] [Server thread/INFO]: [PortMinerPlugin] Enabling PortMinerPlugin v1.3
[22:49:47] [Server thread/INFO]: [PortMinerPlugin] Checking for updates...
[22:49:47] [Server thread/INFO]: [PortMinerPlugin] No updates available.
[22:49:47] [Server thread/INFO]: [PortMinerPlugin] Server's Internal IP is: 192.168.0.2:25565
[22:49:48] [Server thread/INFO]: >>> Starting UPnP service...
[22:49:48] [Server thread/INFO]: Using configuration: org.fourthline.cling.DefaultUpnpServiceConfiguration
[22:49:48] [Server thread/INFO]: Creating Router: org.fourthline.cling.transport.RouterImpl
[22:49:53] [Server thread/INFO]: Creating wildcard socket (for receiving multicast datagrams) on port: 1900
[22:49:53] [Server thread/INFO]: Joining multicast group: /239.255.255.250:1900 on network interface: Qualcomm Atheros AR9285 Wireless Network Adapter
[22:49:53] [Server thread/INFO]: Created server (for receiving TCP streams) on: /192.168.0.2:63278
[22:49:53] [Server thread/INFO]: Creating bound socket (for datagram input/output) on: /192.168.0.2
[22:49:53] [Server thread/INFO]: <<< UPnP service started successfully
[22:49:53] [Server thread/INFO]: [PortMinerPlugin] Opened port 25565
[22:49:53] [Server thread/INFO]: Server permissions file permissions.yml is empty, ignoring it
[22:49:53] [Server thread/INFO]: Done (85.948s)! For help, type "help"
[22:49:54] [cling-16/WARN]: Wrong XML namespace declared on root element: urn:samsung.com:device-1-0
[22:49:59] [Server thread/WARN]: Can't keep up! Is the server overloaded? Running 5071ms or 101 ticks behind
[22:50:48] [Server thread/INFO]: test_complete
[22:50:52] [Server thread/WARN]: Can't keep up! Is the server overloaded? Running 22801ms or 456 ticks behind
[22:52:15] [Server thread/WARN]: Can't keep up! Is the server overloaded? Running 5057ms or 101 ticks behind
[22:57:54] [Server thread/WARN]: Can't keep up! Is the server overloaded? Running 5014ms or 100 ticks behind
[23:01:48] [Server thread/WARN]: Can't keep up! Is the server overloaded? Running 5025ms or 100 ticks behind
[23:07:12] [Server thread/WARN]: Can't keep up! Is the server overloaded? Running 5295ms or 105 ticks behind
[23:08:26] [Server thread/WARN]: Can't keep up! Is the server overloaded? Running 5046ms or 100 ticks behind
[23:15:35] [Server thread/WARN]: Can't keep up! Is the server overloaded? Running 5347ms or 106 ticks behind
[23:16:24] [Server thread/WARN]: Can't keep up! Is the server overloaded? Running 5189ms or 103 ticks behind
[23:17:06] [Server thread/WARN]: Can't keep up! Is the server overloaded? Running 5031ms or 100 ticks behind
[23:17:49] [Server thread/WARN]: Can't keep up! Is the server overloaded? Running 5356ms or 107 ticks behind
